<?xml version="1.0" encoding="UTF-8"?>
<!-- Generated by org.testng.reporters.JUnitReportReporter -->
<testsuite hostname="Karim-PC" name="testcases.TC002_Login" tests="2" failures="0" timestamp="1 Sep 2016 18:45:26 GMT" time="33.436" errors="0">
  <testcase name="login" time="17.117" classname="testcases.TC002_Login"/>
  <testcase name="login" time="16.319" classname="testcases.TC002_Login"/>
</testsuite> <!-- testcases.TC002_Login -->
