<?xml version="1.0" encoding="UTF-8"?>
<!-- Generated by org.testng.reporters.JUnitReportReporter -->
<testsuite hostname="Karim-PC" name="testcases.TC001_Login" tests="2" failures="0" timestamp="2 Sep 2016 03:01:03 GMT" time="49.393" errors="0">
  <testcase name="login" time="20.778" classname="testcases.TC001_Login"/>
  <testcase name="login" time="28.615" classname="testcases.TC001_Login"/>
</testsuite> <!-- testcases.TC001_Login -->
