<?xml version="1.0" encoding="UTF-8"?>
<!-- Generated by org.testng.reporters.JUnitReportReporter -->
<testsuite hostname="Karim-PC" name="testcases.TC004_CreateLead" tests="1" failures="0" timestamp="2 Sep 2016 03:09:01 GMT" time="59.386" errors="0">
  <testcase name="login" time="59.386" classname="testcases.TC004_CreateLead"/>
</testsuite> <!-- testcases.TC004_CreateLead -->
