<?xml version="1.0" encoding="UTF-8"?>
<!-- Generated by org.testng.reporters.JUnitReportReporter -->
<testsuite hostname="Admin-PC" name="testcases.TC006_DeleteLead" tests="1" failures="0" timestamp="12 Aug 2016 17:46:11 GMT" time="190.754" errors="0">
  <testcase name="login" time="190.754" classname="testcases.TC006_DeleteLead"/>
</testsuite> <!-- testcases.TC006_DeleteLead -->
